@!@!@STARTMSG 2262:0 @!@!@
TLC2 Version 2.16 of 31 December 2020 (rev: cdddf55)
@!@!@ENDMSG 2262 @!@!@
@!@!@STARTMSG 2187:0 @!@!@
Running breadth-first search Model-Checking with fp 35 and seed 5780693770771061905 with 4 workers on 8 cores with 2363MB heap and 5312MB offheap memory [pid: 133873] (Linux 6.1.7-200.fc37.x86_64 amd64, AdoptOpenJDK 14.0.1 x86_64, OffHeapDiskFPSet, DiskStateQueue).
@!@!@ENDMSG 2187 @!@!@
@!@!@STARTMSG 2220:0 @!@!@
Starting SANY...
@!@!@ENDMSG 2220 @!@!@
Parsing file /home/jstrunk/src/tlaplus/tla-volsync/VolSyncPopulator.toolbox/Model_1/MC.tla
Parsing file /home/jstrunk/src/tlaplus/tla-volsync/VolSyncPopulator.toolbox/Model_1/VolSyncPopulator.tla
Parsing file /home/jstrunk/src/tlaplus/toolbox/plugins/org.lamport.tlatools_1.0.0.202012311918/tla2sany/StandardModules/TLC.tla
Parsing file /home/jstrunk/src/tlaplus/toolbox/plugins/org.lamport.tlatools_1.0.0.202012311918/tla2sany/StandardModules/FiniteSets.tla
Parsing file /home/jstrunk/src/tlaplus/toolbox/plugins/org.lamport.tlatools_1.0.0.202012311918/tla2sany/StandardModules/Naturals.tla
Parsing file /home/jstrunk/src/tlaplus/toolbox/plugins/org.lamport.tlatools_1.0.0.202012311918/tla2sany/StandardModules/Sequences.tla
Semantic processing of module Naturals
Semantic processing of module Sequences
Semantic processing of module FiniteSets
Semantic processing of module TLC
Semantic processing of module VolSyncPopulator
Semantic processing of module MC
@!@!@STARTMSG 2219:0 @!@!@
SANY finished.
@!@!@ENDMSG 2219 @!@!@
@!@!@STARTMSG 2185:0 @!@!@
Starting... (2023-02-03 16:35:37)
@!@!@ENDMSG 2185 @!@!@
@!@!@STARTMSG 2189:0 @!@!@
Computing initial states...
@!@!@ENDMSG 2189 @!@!@
@!@!@STARTMSG 2190:0 @!@!@
Finished computing initial states: 1 distinct state generated at 2023-02-03 16:35:37.
@!@!@ENDMSG 2190 @!@!@
@!@!@STARTMSG 2114:1 @!@!@
Deadlock reached.
@!@!@ENDMSG 2114 @!@!@
@!@!@STARTMSG 2121:1 @!@!@
The behavior up to this point is:
@!@!@ENDMSG 2121 @!@!@
@!@!@STARTMSG 2217:4 @!@!@
1: <Initial predicate>
/\ pc = [user |-> "UStart", GC |-> "GCStart", RDC |-> "RDStart"]
/\ Objs = {}

@!@!@ENDMSG 2217 @!@!@
@!@!@STARTMSG 2217:4 @!@!@
2: <UStart line 134, col 17 to line 139, col 55 of module VolSyncPopulator>
/\ pc = [user |-> "UStart", GC |-> "GCStart", RDC |-> "RDStart"]
/\ Objs = {[k |-> "RD", oid |-> A, deleted |-> FALSE, LI |-> nil]}

@!@!@ENDMSG 2217 @!@!@
@!@!@STARTMSG 2217:4 @!@!@
3: <UStart line 134, col 17 to line 139, col 55 of module VolSyncPopulator>
/\ pc = [user |-> "UStart", GC |-> "GCStart", RDC |-> "RDStart"]
/\ Objs = { [k |-> "RD", oid |-> A, deleted |-> FALSE, LI |-> nil],
  [k |-> "RD", oid |-> B, deleted |-> FALSE, LI |-> nil] }

@!@!@ENDMSG 2217 @!@!@
@!@!@STARTMSG 2217:4 @!@!@
4: <UStart line 134, col 17 to line 139, col 55 of module VolSyncPopulator>
/\ pc = [user |-> "UStart", GC |-> "GCStart", RDC |-> "RDStart"]
/\ Objs = { [k |-> "RD", oid |-> A, deleted |-> FALSE, LI |-> nil],
  [k |-> "RD", oid |-> B, deleted |-> FALSE, LI |-> nil],
  [k |-> "RD", oid |-> C, deleted |-> FALSE, LI |-> nil] }

@!@!@ENDMSG 2217 @!@!@
@!@!@STARTMSG 2217:4 @!@!@
5: <UStart line 134, col 17 to line 139, col 55 of module VolSyncPopulator>
/\ pc = [user |-> "UStart", GC |-> "GCStart", RDC |-> "RDStart"]
/\ Objs = { [k |-> "RD", oid |-> A, deleted |-> TRUE, LI |-> nil],
  [k |-> "RD", oid |-> B, deleted |-> FALSE, LI |-> nil],
  [k |-> "RD", oid |-> C, deleted |-> FALSE, LI |-> nil] }

@!@!@ENDMSG 2217 @!@!@
@!@!@STARTMSG 2217:4 @!@!@
6: <UStart line 134, col 17 to line 139, col 55 of module VolSyncPopulator>
/\ pc = [user |-> "UStart", GC |-> "GCStart", RDC |-> "RDStart"]
/\ Objs = { [k |-> "RD", oid |-> A, deleted |-> TRUE, LI |-> nil],
  [k |-> "RD", oid |-> B, deleted |-> TRUE, LI |-> nil],
  [k |-> "RD", oid |-> C, deleted |-> FALSE, LI |-> nil] }

@!@!@ENDMSG 2217 @!@!@
@!@!@STARTMSG 2217:4 @!@!@
7: <UStart line 134, col 17 to line 139, col 55 of module VolSyncPopulator>
/\ pc = [user |-> "UStart", GC |-> "GCStart", RDC |-> "RDStart"]
/\ Objs = { [k |-> "RD", oid |-> A, deleted |-> TRUE, LI |-> nil],
  [k |-> "RD", oid |-> B, deleted |-> TRUE, LI |-> nil],
  [k |-> "RD", oid |-> C, deleted |-> TRUE, LI |-> nil] }

@!@!@ENDMSG 2217 @!@!@
@!@!@STARTMSG 2217:4 @!@!@
8: <GCStart line 143, col 18 to line 147, col 32 of module VolSyncPopulator>
/\ pc = [user |-> "UStart", GC |-> "Done", RDC |-> "RDStart"]
/\ Objs = { [k |-> "RD", oid |-> A, deleted |-> TRUE, LI |-> nil],
  [k |-> "RD", oid |-> B, deleted |-> TRUE, LI |-> nil],
  [k |-> "RD", oid |-> C, deleted |-> TRUE, LI |-> nil] }

@!@!@ENDMSG 2217 @!@!@
@!@!@STARTMSG 2217:4 @!@!@
9: <RDStart line 151, col 18 to line 161, col 57 of module VolSyncPopulator>
/\ pc = [user |-> "UStart", GC |-> "Done", RDC |-> "RDStart"]
/\ Objs = { [k |-> "RD", oid |-> A, deleted |-> TRUE, LI |-> D],
  [k |-> "RD", oid |-> B, deleted |-> TRUE, LI |-> nil],
  [k |-> "RD", oid |-> C, deleted |-> TRUE, LI |-> nil],
  [k |-> "VS", oid |-> D, deleted |-> FALSE, owner |-> A] }

@!@!@ENDMSG 2217 @!@!@
@!@!@STARTMSG 2217:4 @!@!@
10: <RDStart line 151, col 18 to line 161, col 57 of module VolSyncPopulator>
/\ pc = [user |-> "UStart", GC |-> "Done", RDC |-> "RDStart"]
/\ Objs = { [k |-> "RD", oid |-> A, deleted |-> TRUE, LI |-> D],
  [k |-> "RD", oid |-> B, deleted |-> TRUE, LI |-> E],
  [k |-> "RD", oid |-> C, deleted |-> TRUE, LI |-> nil],
  [k |-> "VS", oid |-> D, deleted |-> FALSE, owner |-> A],
  [k |-> "VS", oid |-> E, deleted |-> FALSE, owner |-> B] }

@!@!@ENDMSG 2217 @!@!@
@!@!@STARTMSG 2217:4 @!@!@
11: <RDStart line 151, col 18 to line 161, col 57 of module VolSyncPopulator>
/\ pc = [user |-> "UStart", GC |-> "Done", RDC |-> "RDStart"]
/\ Objs = { [k |-> "RD", oid |-> A, deleted |-> TRUE, LI |-> D],
  [k |-> "RD", oid |-> B, deleted |-> TRUE, LI |-> E],
  [k |-> "RD", oid |-> C, deleted |-> TRUE, LI |-> F],
  [k |-> "VS", oid |-> D, deleted |-> FALSE, owner |-> A],
  [k |-> "VS", oid |-> E, deleted |-> FALSE, owner |-> B],
  [k |-> "VS", oid |-> F, deleted |-> FALSE, owner |-> C] }

@!@!@ENDMSG 2217 @!@!@
@!@!@STARTMSG 2201:0 @!@!@
The coverage statistics at 2023-02-03 16:35:38
@!@!@ENDMSG 2201 @!@!@
@!@!@STARTMSG 2773:0 @!@!@
<Init line 128, col 1 to line 128, col 4 of module VolSyncPopulator>: 2:2
@!@!@ENDMSG 2773 @!@!@
@!@!@STARTMSG 2221:0 @!@!@
  line 129, col 9 to line 132, col 73 of module VolSyncPopulator: 2
@!@!@ENDMSG 2221 @!@!@
@!@!@STARTMSG 2772:0 @!@!@
<UStart line 134, col 1 to line 134, col 12 of module VolSyncPopulator>: 37:1065
@!@!@ENDMSG 2772 @!@!@
@!@!@STARTMSG 2221:0 @!@!@
  line 134, col 20 to line 134, col 38 of module VolSyncPopulator: 879
@!@!@ENDMSG 2221 @!@!@
@!@!@STARTMSG 2221:0 @!@!@
  |line 134, col 20 to line 134, col 27 of module VolSyncPopulator: 458
@!@!@ENDMSG 2221 @!@!@
@!@!@STARTMSG 2221:0 @!@!@
  line 136, col 28 to line 136, col 105 of module VolSyncPopulator: 408
@!@!@ENDMSG 2221 @!@!@
@!@!@STARTMSG 2221:0 @!@!@
  line 135, col 35 to line 135, col 42 of module VolSyncPopulator: 458
@!@!@ENDMSG 2221 @!@!@
@!@!@STARTMSG 2221:0 @!@!@
  |line 119, col 13 to line 119, col 39 of module VolSyncPopulator: 458
@!@!@ENDMSG 2221 @!@!@
@!@!@STARTMSG 2221:0 @!@!@
  ||line 119, col 13 to line 119, col 16 of module VolSyncPopulator: 458
@!@!@ENDMSG 2221 @!@!@
@!@!@STARTMSG 2221:0 @!@!@
  ||line 119, col 20 to line 119, col 39 of module VolSyncPopulator: 458
@!@!@ENDMSG 2221 @!@!@
@!@!@STARTMSG 2221:0 @!@!@
  |||line 119, col 21 to line 119, col 25 of module VolSyncPopulator: 2340
@!@!@ENDMSG 2221 @!@!@
@!@!@STARTMSG 2221:0 @!@!@
  |||line 119, col 35 to line 119, col 38 of module VolSyncPopulator: 458
@!@!@ENDMSG 2221 @!@!@
@!@!@STARTMSG 2221:0 @!@!@
  line 138, col 28 to line 138, col 86 of module VolSyncPopulator: 657
@!@!@ENDMSG 2221 @!@!@
@!@!@STARTMSG 2775:0 @!@!@
  line 137, col 36 to line 137, col 80 of module VolSyncPopulator: 458:1115
@!@!@ENDMSG 2775 @!@!@
@!@!@STARTMSG 2221:0 @!@!@
  |line 137, col 49 to line 137, col 79 of module VolSyncPopulator: 2340
@!@!@ENDMSG 2221 @!@!@
@!@!@STARTMSG 2221:0 @!@!@
  ||line 137, col 49 to line 137, col 58 of module VolSyncPopulator: 2340
@!@!@ENDMSG 2221 @!@!@
@!@!@STARTMSG 2221:0 @!@!@
  ||line 137, col 63 to line 137, col 79 of module VolSyncPopulator: 1278
@!@!@ENDMSG 2221 @!@!@
@!@!@STARTMSG 2221:0 @!@!@
  |line 137, col 43 to line 137, col 46 of module VolSyncPopulator: 458
@!@!@ENDMSG 2221 @!@!@
@!@!@STARTMSG 2221:0 @!@!@
  line 139, col 20 to line 139, col 55 of module VolSyncPopulator: 1065
@!@!@ENDMSG 2221 @!@!@
@!@!@STARTMSG 2772:0 @!@!@
<GCStart line 143, col 1 to line 143, col 13 of module VolSyncPopulator>: 29:462
@!@!@ENDMSG 2772 @!@!@
@!@!@STARTMSG 2221:0 @!@!@
  line 143, col 21 to line 143, col 40 of module VolSyncPopulator: 683
@!@!@ENDMSG 2221 @!@!@
@!@!@STARTMSG 2221:0 @!@!@
  |line 143, col 21 to line 143, col 28 of module VolSyncPopulator: 452
@!@!@ENDMSG 2221 @!@!@
@!@!@STARTMSG 2221:0 @!@!@
  line 144, col 21 to line 145, col 30 of module VolSyncPopulator: 231
@!@!@ENDMSG 2221 @!@!@
@!@!@STARTMSG 2221:0 @!@!@
  line 146, col 21 to line 146, col 54 of module VolSyncPopulator: 462
@!@!@ENDMSG 2221 @!@!@
@!@!@STARTMSG 2221:0 @!@!@
  line 147, col 21 to line 147, col 32 of module VolSyncPopulator: 462
@!@!@ENDMSG 2221 @!@!@
@!@!@STARTMSG 2772:0 @!@!@
<RDStart line 151, col 1 to line 151, col 13 of module VolSyncPopulator>: 399:1123
@!@!@ENDMSG 2772 @!@!@
@!@!@STARTMSG 2221:0 @!@!@
  line 151, col 21 to line 151, col 40 of module VolSyncPopulator: 788
@!@!@ENDMSG 2221 @!@!@
@!@!@STARTMSG 2221:0 @!@!@
  |line 151, col 21 to line 151, col 28 of module VolSyncPopulator: 451
@!@!@ENDMSG 2221 @!@!@
@!@!@STARTMSG 2221:0 @!@!@
  line 154, col 31 to line 154, col 145 of module VolSyncPopulator: 837
@!@!@ENDMSG 2221 @!@!@
@!@!@STARTMSG 2221:0 @!@!@
  line 153, col 38 to line 153, col 45 of module VolSyncPopulator: 1263
@!@!@ENDMSG 2221 @!@!@
@!@!@STARTMSG 2221:0 @!@!@
  |line 119, col 13 to line 119, col 39 of module VolSyncPopulator: 1263
@!@!@ENDMSG 2221 @!@!@
@!@!@STARTMSG 2221:0 @!@!@
  ||line 119, col 13 to line 119, col 16 of module VolSyncPopulator: 1263
@!@!@ENDMSG 2221 @!@!@
@!@!@STARTMSG 2221:0 @!@!@
  ||line 119, col 20 to line 119, col 39 of module VolSyncPopulator: 1263
@!@!@ENDMSG 2221 @!@!@
@!@!@STARTMSG 2221:0 @!@!@
  |||line 119, col 21 to line 119, col 25 of module VolSyncPopulator: 6741
@!@!@ENDMSG 2221 @!@!@
@!@!@STARTMSG 2221:0 @!@!@
  |||line 119, col 35 to line 119, col 38 of module VolSyncPopulator: 1263
@!@!@ENDMSG 2221 @!@!@
@!@!@STARTMSG 2775:0 @!@!@
  line 152, col 37 to line 152, col 60 of module VolSyncPopulator: 451:1714
@!@!@ENDMSG 2775 @!@!@
@!@!@STARTMSG 2221:0 @!@!@
  |line 152, col 50 to line 152, col 59 of module VolSyncPopulator: 2325
@!@!@ENDMSG 2221 @!@!@
@!@!@STARTMSG 2221:0 @!@!@
  |line 152, col 44 to line 152, col 47 of module VolSyncPopulator: 451
@!@!@ENDMSG 2221 @!@!@
@!@!@STARTMSG 2221:0 @!@!@
  line 160, col 29 to line 160, col 87 of module VolSyncPopulator: 286
@!@!@ENDMSG 2221 @!@!@
@!@!@STARTMSG 2775:0 @!@!@
  line 155, col 37 to line 159, col 109 of module VolSyncPopulator: 451:737
@!@!@ENDMSG 2775 @!@!@
@!@!@STARTMSG 2221:0 @!@!@
  |line 155, col 50 to line 159, col 107 of module VolSyncPopulator: 2325
@!@!@ENDMSG 2221 @!@!@
@!@!@STARTMSG 2221:0 @!@!@
  ||line 155, col 53 to line 155, col 62 of module VolSyncPopulator: 2325
@!@!@ENDMSG 2221 @!@!@
@!@!@STARTMSG 2221:0 @!@!@
  ||line 156, col 53 to line 156, col 69 of module VolSyncPopulator: 1062
@!@!@ENDMSG 2221 @!@!@
@!@!@STARTMSG 2221:0 @!@!@
  ||line 159, col 53 to line 159, col 107 of module VolSyncPopulator: 826
@!@!@ENDMSG 2221 @!@!@
@!@!@STARTMSG 2221:0 @!@!@
  |||line 159, col 53 to line 159, col 57 of module VolSyncPopulator: 826
@!@!@ENDMSG 2221 @!@!@
@!@!@STARTMSG 2221:0 @!@!@
  |||line 159, col 66 to line 159, col 107 of module VolSyncPopulator: 826
@!@!@ENDMSG 2221 @!@!@
@!@!@STARTMSG 2221:0 @!@!@
  ||||line 159, col 68 to line 159, col 72 of module VolSyncPopulator: 2030
@!@!@ENDMSG 2221 @!@!@
@!@!@STARTMSG 2775:0 @!@!@
  ||||line 159, col 82 to line 159, col 105 of module VolSyncPopulator: 826:2856
@!@!@ENDMSG 2775 @!@!@
@!@!@STARTMSG 2221:0 @!@!@
  |||||line 159, col 95 to line 159, col 104 of module VolSyncPopulator: 4529
@!@!@ENDMSG 2221 @!@!@
@!@!@STARTMSG 2221:0 @!@!@
  |||||line 159, col 89 to line 159, col 92 of module VolSyncPopulator: 826
@!@!@ENDMSG 2221 @!@!@
@!@!@STARTMSG 2221:0 @!@!@
  |line 155, col 44 to line 155, col 47 of module VolSyncPopulator: 451
@!@!@ENDMSG 2221 @!@!@
@!@!@STARTMSG 2221:0 @!@!@
  line 161, col 21 to line 161, col 57 of module VolSyncPopulator: 1123
@!@!@ENDMSG 2221 @!@!@
@!@!@STARTMSG 2772:0 @!@!@
<Terminating line 166, col 1 to line 166, col 11 of module VolSyncPopulator>: 0:0
@!@!@ENDMSG 2772 @!@!@
@!@!@STARTMSG 2221:0 @!@!@
  line 166, col 19 to line 166, col 56 of module VolSyncPopulator: 448
@!@!@ENDMSG 2221 @!@!@
@!@!@STARTMSG 2221:0 @!@!@
  line 167, col 19 to line 167, col 32 of module VolSyncPopulator: 0
@!@!@ENDMSG 2221 @!@!@
@!@!@STARTMSG 2774:0 @!@!@
<TypeOk line 113, col 1 to line 113, col 6 of module VolSyncPopulator>
@!@!@ENDMSG 2774 @!@!@
@!@!@STARTMSG 2221:0 @!@!@
  line 113, col 11 to line 116, col 53 of module VolSyncPopulator: 466
@!@!@ENDMSG 2221 @!@!@
@!@!@STARTMSG 2221:0 @!@!@
  |line 113, col 14 to line 115, col 52 of module VolSyncPopulator: 466
@!@!@ENDMSG 2221 @!@!@
@!@!@STARTMSG 2221:0 @!@!@
  ||line 113, col 29 to line 115, col 52 of module VolSyncPopulator: 2420
@!@!@ENDMSG 2221 @!@!@
@!@!@STARTMSG 2221:0 @!@!@
  ||line 113, col 23 to line 113, col 26 of module VolSyncPopulator: 466
@!@!@ENDMSG 2221 @!@!@
@!@!@STARTMSG 2221:0 @!@!@
  |line 116, col 14 to line 116, col 53 of module VolSyncPopulator: 466
@!@!@ENDMSG 2221 @!@!@
@!@!@STARTMSG 2221:0 @!@!@
  ||line 116, col 32 to line 116, col 53 of module VolSyncPopulator: 13156
@!@!@ENDMSG 2221 @!@!@
@!@!@STARTMSG 2221:0 @!@!@
  |||line 116, col 32 to line 116, col 36 of module VolSyncPopulator: 13156
@!@!@ENDMSG 2221 @!@!@
@!@!@STARTMSG 2221:0 @!@!@
  |||line 116, col 41 to line 116, col 53 of module VolSyncPopulator: 10736
@!@!@ENDMSG 2221 @!@!@
@!@!@STARTMSG 2221:0 @!@!@
  ||line 116, col 26 to line 116, col 29 of module VolSyncPopulator: 466
@!@!@ENDMSG 2221 @!@!@
@!@!@STARTMSG 2202:0 @!@!@
End of statistics.
@!@!@ENDMSG 2202 @!@!@
@!@!@STARTMSG 2200:0 @!@!@
Progress(13) at 2023-02-03 16:35:38: 2,589 states generated (98,441 s/min), 466 distinct states found (17,718 ds/min), 18 states left on queue.
@!@!@ENDMSG 2200 @!@!@
@!@!@STARTMSG 2199:0 @!@!@
2589 states generated, 466 distinct states found, 18 states left on queue.
@!@!@ENDMSG 2199 @!@!@
@!@!@STARTMSG 2194:0 @!@!@
The depth of the complete state graph search is 13.
@!@!@ENDMSG 2194 @!@!@
@!@!@STARTMSG 2268:0 @!@!@
The average outdegree of the complete state graph is 1 (minimum is 0, the maximum 4 and the 95th percentile is 3).
@!@!@ENDMSG 2268 @!@!@
@!@!@STARTMSG 2186:0 @!@!@
Finished in 1585ms at (2023-02-03 16:35:38)
@!@!@ENDMSG 2186 @!@!@
