@!@!@STARTMSG 2262:0 @!@!@
TLC2 Version 2.16 of 31 December 2020 (rev: cdddf55)
@!@!@ENDMSG 2262 @!@!@
@!@!@STARTMSG 2187:0 @!@!@
Running breadth-first search Model-Checking with fp 94 and seed 8704514369583104120 with 4 workers on 8 cores with 2363MB heap and 5312MB offheap memory [pid: 119028] (Linux 6.1.7-200.fc37.x86_64 amd64, AdoptOpenJDK 14.0.1 x86_64, OffHeapDiskFPSet, DiskStateQueue).
@!@!@ENDMSG 2187 @!@!@
@!@!@STARTMSG 2220:0 @!@!@
Starting SANY...
@!@!@ENDMSG 2220 @!@!@
Parsing file /home/jstrunk/src/tlaplus/tla-volsync/VolSyncPopulator.toolbox/Model_1/MC.tla
Parsing file /home/jstrunk/src/tlaplus/tla-volsync/VolSyncPopulator.toolbox/Model_1/VolSyncPopulator.tla
Parsing file /home/jstrunk/src/tlaplus/toolbox/plugins/org.lamport.tlatools_1.0.0.202012311918/tla2sany/StandardModules/TLC.tla
Parsing file /home/jstrunk/src/tlaplus/toolbox/plugins/org.lamport.tlatools_1.0.0.202012311918/tla2sany/StandardModules/FiniteSets.tla
Parsing file /home/jstrunk/src/tlaplus/toolbox/plugins/org.lamport.tlatools_1.0.0.202012311918/tla2sany/StandardModules/Naturals.tla
Parsing file /home/jstrunk/src/tlaplus/toolbox/plugins/org.lamport.tlatools_1.0.0.202012311918/tla2sany/StandardModules/Sequences.tla
Semantic processing of module Naturals
Semantic processing of module Sequences
Semantic processing of module FiniteSets
Semantic processing of module TLC
Semantic processing of module VolSyncPopulator
Semantic processing of module MC
@!@!@STARTMSG 2219:0 @!@!@
SANY finished.
@!@!@ENDMSG 2219 @!@!@
@!@!@STARTMSG 2185:0 @!@!@
Starting... (2023-02-03 11:42:43)
@!@!@ENDMSG 2185 @!@!@
@!@!@STARTMSG 2279:3 @!@!@
Declaring symmetry during liveness checking is dangerous. It might cause TLC to miss violations of the stated liveness properties. Please check liveness without symmetry defined.
@!@!@ENDMSG 2279 @!@!@
@!@!@STARTMSG 2212:0 @!@!@
Implied-temporal checking--satisfiability problem has 2 branches.
@!@!@ENDMSG 2212 @!@!@
@!@!@STARTMSG 2189:0 @!@!@
Computing initial states...
@!@!@ENDMSG 2189 @!@!@
@!@!@STARTMSG 2190:0 @!@!@
Finished computing initial states: 1 distinct state generated at 2023-02-03 11:42:44.
@!@!@ENDMSG 2190 @!@!@
{[k |-> "VS", oid |-> B], [k |-> "RD", oid |-> A, LI |-> B]}
{[k |-> "VS", oid |-> C], [k |-> "RD", oid |-> A, LI |-> C]}
{[k |-> "VS", oid |-> D], [k |-> "RD", oid |-> A, LI |-> D]}
{[k |-> "VS", oid |-> E], [k |-> "RD", oid |-> A, LI |-> E]}
{[k |-> "VS", oid |-> F], [k |-> "RD", oid |-> A, LI |-> F]}
{[k |-> "VS", oid |-> B], [k |-> "RD", oid |-> A, LI |-> B]}
{[k |-> "VS", oid |-> B], [k |-> "RD", oid |-> A, LI |-> B]}
{[k |-> "VS", oid |-> B], [k |-> "RD", oid |-> A, LI |-> B]}
{[k |-> "VS", oid |-> B], [k |-> "RD", oid |-> A, LI |-> B]}
{[k |-> "VS", oid |-> C], [k |-> "RD", oid |-> A, LI |-> C]}
{[k |-> "VS", oid |-> B], [k |-> "RD", oid |-> A, LI |-> B]}
{[k |-> "VS", oid |-> D], [k |-> "RD", oid |-> A, LI |-> D]}
{[k |-> "VS", oid |-> B], [k |-> "RD", oid |-> A, LI |-> B]}
{[k |-> "VS", oid |-> E], [k |-> "RD", oid |-> A, LI |-> E]}
{[k |-> "VS", oid |-> B], [k |-> "RD", oid |-> A, LI |-> B]}
{[k |-> "VS", oid |-> F], [k |-> "RD", oid |-> A, LI |-> F]}
{[k |-> "VS", oid |-> B], [k |-> "RD", oid |-> A, LI |-> B]}
{[k |-> "VS", oid |-> B], [k |-> "RD", oid |-> A, LI |-> B]}
{[k |-> "VS", oid |-> B], [k |-> "RD", oid |-> A, LI |-> B]}
{[k |-> "VS", oid |-> B], [k |-> "RD", oid |-> A, LI |-> B]}
{[k |-> "VS", oid |-> C], [k |-> "RD", oid |-> A, LI |-> C]}
{[k |-> "VS", oid |-> B], [k |-> "RD", oid |-> A, LI |-> B]}
{[k |-> "VS", oid |-> D], [k |-> "RD", oid |-> A, LI |-> D]}
{[k |-> "VS", oid |-> B], [k |-> "RD", oid |-> A, LI |-> B]}
{[k |-> "VS", oid |-> E], [k |-> "RD", oid |-> A, LI |-> E]}
{[k |-> "VS", oid |-> B], [k |-> "RD", oid |-> A, LI |-> B]}
{[k |-> "VS", oid |-> F], [k |-> "RD", oid |-> A, LI |-> F]}
@!@!@STARTMSG 2200:0 @!@!@
Progress(3) at 2023-02-03 11:42:44: 13 states generated, 3 distinct states found, 0 states left on queue.
@!@!@ENDMSG 2200 @!@!@
@!@!@STARTMSG 2192:0 @!@!@
Checking 2 branches of temporal properties for the complete state space with 6 total distinct states at (2023-02-03 11:42:44)
@!@!@ENDMSG 2192 @!@!@
@!@!@STARTMSG 2267:0 @!@!@
Finished checking temporal properties in 00s at 2023-02-03 11:42:44
@!@!@ENDMSG 2267 @!@!@
@!@!@STARTMSG 2193:0 @!@!@
Model checking completed. No error has been found.
  Estimates of the probability that TLC did not check all reachable states
  because two distinct states had the same fingerprint:
  calculated (optimistic):  val = 1.6E-18
@!@!@ENDMSG 2193 @!@!@
@!@!@STARTMSG 2201:0 @!@!@
The coverage statistics at 2023-02-03 11:42:44
@!@!@ENDMSG 2201 @!@!@
@!@!@STARTMSG 2773:0 @!@!@
<Init line 84, col 1 to line 84, col 4 of module VolSyncPopulator>: 1:1
@!@!@ENDMSG 2773 @!@!@
@!@!@STARTMSG 2221:0 @!@!@
  line 85, col 9 to line 87, col 73 of module VolSyncPopulator: 1
@!@!@ENDMSG 2221 @!@!@
@!@!@STARTMSG 2772:0 @!@!@
<UStart line 89, col 1 to line 89, col 12 of module VolSyncPopulator>: 1:6
@!@!@ENDMSG 2772 @!@!@
@!@!@STARTMSG 2221:0 @!@!@
  line 89, col 20 to line 89, col 38 of module VolSyncPopulator: 4
@!@!@ENDMSG 2221 @!@!@
@!@!@STARTMSG 2221:0 @!@!@
  |line 89, col 20 to line 89, col 27 of module VolSyncPopulator: 3
@!@!@ENDMSG 2221 @!@!@
@!@!@STARTMSG 2221:0 @!@!@
  line 91, col 22 to line 91, col 80 of module VolSyncPopulator: 6
@!@!@ENDMSG 2221 @!@!@
@!@!@STARTMSG 2221:0 @!@!@
  line 90, col 29 to line 90, col 36 of module VolSyncPopulator: 1
@!@!@ENDMSG 2221 @!@!@
@!@!@STARTMSG 2221:0 @!@!@
  line 92, col 20 to line 92, col 53 of module VolSyncPopulator: 6
@!@!@ENDMSG 2221 @!@!@
@!@!@STARTMSG 2772:0 @!@!@
<RDBegin line 96, col 1 to line 96, col 13 of module VolSyncPopulator>: 1:5
@!@!@ENDMSG 2772 @!@!@
@!@!@STARTMSG 2221:0 @!@!@
  line 96, col 21 to line 96, col 40 of module VolSyncPopulator: 4
@!@!@ENDMSG 2221 @!@!@
@!@!@STARTMSG 2221:0 @!@!@
  |line 96, col 21 to line 96, col 28 of module VolSyncPopulator: 3
@!@!@ENDMSG 2221 @!@!@
@!@!@STARTMSG 2221:0 @!@!@
  line 99, col 25 to line 99, col 102 of module VolSyncPopulator: 5
@!@!@ENDMSG 2221 @!@!@
@!@!@STARTMSG 2221:0 @!@!@
  line 98, col 32 to line 98, col 39 of module VolSyncPopulator: 1
@!@!@ENDMSG 2221 @!@!@
@!@!@STARTMSG 2775:0 @!@!@
  line 97, col 31 to line 97, col 54 of module VolSyncPopulator: 2:3
@!@!@ENDMSG 2775 @!@!@
@!@!@STARTMSG 2221:0 @!@!@
  |line 97, col 44 to line 97, col 53 of module VolSyncPopulator: 1
@!@!@ENDMSG 2221 @!@!@
@!@!@STARTMSG 2221:0 @!@!@
  |line 97, col 38 to line 97, col 41 of module VolSyncPopulator: 2
@!@!@ENDMSG 2221 @!@!@
@!@!@STARTMSG 2221:0 @!@!@
  line 100, col 21 to line 100, col 35 of module VolSyncPopulator: 5
@!@!@ENDMSG 2221 @!@!@
@!@!@STARTMSG 2221:0 @!@!@
  line 101, col 21 to line 101, col 54 of module VolSyncPopulator: 5
@!@!@ENDMSG 2221 @!@!@
@!@!@STARTMSG 2772:0 @!@!@
<Terminating line 106, col 1 to line 106, col 11 of module VolSyncPopulator>: 0:1
@!@!@ENDMSG 2772 @!@!@
@!@!@STARTMSG 2221:0 @!@!@
  line 106, col 40 to line 106, col 56 of module VolSyncPopulator: 7
@!@!@ENDMSG 2221 @!@!@
@!@!@STARTMSG 2221:0 @!@!@
  |line 106, col 40 to line 106, col 47 of module VolSyncPopulator: 5
@!@!@ENDMSG 2221 @!@!@
@!@!@STARTMSG 2221:0 @!@!@
  line 106, col 31 to line 106, col 37 of module VolSyncPopulator: 3
@!@!@ENDMSG 2221 @!@!@
@!@!@STARTMSG 2221:0 @!@!@
  line 107, col 19 to line 107, col 32 of module VolSyncPopulator: 1
@!@!@ENDMSG 2221 @!@!@
@!@!@STARTMSG 2774:0 @!@!@
<TypeOk line 65, col 1 to line 65, col 6 of module VolSyncPopulator>
@!@!@ENDMSG 2774 @!@!@
@!@!@STARTMSG 2221:0 @!@!@
  line 65, col 11 to line 72, col 62 of module VolSyncPopulator: 3
@!@!@ENDMSG 2221 @!@!@
@!@!@STARTMSG 2221:0 @!@!@
  |line 65, col 14 to line 72, col 62 of module VolSyncPopulator: 3
@!@!@ENDMSG 2221 @!@!@
@!@!@STARTMSG 2221:0 @!@!@
  ||line 65, col 29 to line 72, col 62 of module VolSyncPopulator: 3
@!@!@ENDMSG 2221 @!@!@
@!@!@STARTMSG 2221:0 @!@!@
  |||line 65, col 32 to line 68, col 48 of module VolSyncPopulator: 3
@!@!@ENDMSG 2221 @!@!@
@!@!@STARTMSG 2221:0 @!@!@
  ||||line 68, col 35 to line 68, col 48 of module VolSyncPopulator: 6
@!@!@ENDMSG 2221 @!@!@
@!@!@STARTMSG 2775:0 @!@!@
  ||||line 65, col 41 to line 68, col 32 of module VolSyncPopulator: 3:9
@!@!@ENDMSG 2775 @!@!@
@!@!@STARTMSG 2221:0 @!@!@
  |||line 69, col 32 to line 69, col 47 of module VolSyncPopulator: 3
@!@!@ENDMSG 2221 @!@!@
@!@!@STARTMSG 2221:0 @!@!@
  |||line 70, col 32 to line 70, col 45 of module VolSyncPopulator: 3
@!@!@ENDMSG 2221 @!@!@
@!@!@STARTMSG 2221:0 @!@!@
  |||line 71, col 32 to line 72, col 62 of module VolSyncPopulator: 3
@!@!@ENDMSG 2221 @!@!@
@!@!@STARTMSG 2221:0 @!@!@
  ||||line 71, col 47 to line 72, col 62 of module VolSyncPopulator: 5
@!@!@ENDMSG 2221 @!@!@
@!@!@STARTMSG 2221:0 @!@!@
  |||||line 71, col 50 to line 71, col 54 of module VolSyncPopulator: 5
@!@!@ENDMSG 2221 @!@!@
@!@!@STARTMSG 2221:0 @!@!@
  |||||line 72, col 50 to line 72, col 62 of module VolSyncPopulator: 2
@!@!@ENDMSG 2221 @!@!@
@!@!@STARTMSG 2221:0 @!@!@
  ||||line 71, col 41 to line 71, col 44 of module VolSyncPopulator: 3
@!@!@ENDMSG 2221 @!@!@
@!@!@STARTMSG 2221:0 @!@!@
  ||line 65, col 23 to line 65, col 26 of module VolSyncPopulator: 3
@!@!@ENDMSG 2221 @!@!@
@!@!@STARTMSG 2202:0 @!@!@
End of statistics.
@!@!@ENDMSG 2202 @!@!@
@!@!@STARTMSG 2200:0 @!@!@
Progress(3) at 2023-02-03 11:42:44: 13 states generated (731 s/min), 3 distinct states found (168 ds/min), 0 states left on queue.
@!@!@ENDMSG 2200 @!@!@
@!@!@STARTMSG 2199:0 @!@!@
13 states generated, 3 distinct states found, 0 states left on queue.
@!@!@ENDMSG 2199 @!@!@
@!@!@STARTMSG 2194:0 @!@!@
The depth of the complete state graph search is 3.
@!@!@ENDMSG 2194 @!@!@
@!@!@STARTMSG 2268:0 @!@!@
The average outdegree of the complete state graph is 1 (minimum is 0, the maximum 1 and the 95th percentile is 1).
@!@!@ENDMSG 2268 @!@!@
@!@!@STARTMSG 2186:0 @!@!@
Finished in 1071ms at (2023-02-03 11:42:44)
@!@!@ENDMSG 2186 @!@!@
